{
  "RSpec": {
    "coverage": {
      "/home/rahoulb/Developer/dave/.worktrees/phase-4/dave-filesystem/lib/dave/file_system_provider.rb": {
        "lines": [
          1,
          1,
          1,
          1,
          1,
          1,
          null,
          1,
          1,
          1,
          null,
          1,
          130,
          null,
          null,
          null,
          null,
          null,
          null,
          1,
          26,
          25,
          null,
          19,
          null,
          null,
          1,
          11,
          11,
          10,
          null,
          48,
          9,
          19,
          19,
          19,
          19,
          null,
          null,
          null,
          null,
          null,
          null,
          null,
          1,
          8,
          7,
          null,
          5,
          null,
          null,
          1,
          20,
          20,
          20,
          null,
          18,
          36,
          18,
          null,
          null,
          null,
          null,
          null,
          null,
          1,
          8,
          8,
          null,
          6,
          6,
          null,
          5,
          null,
          null,
          1,
          7,
          7,
          null,
          6,
          3,
          null,
          3,
          null,
          null,
          null,
          6,
          6,
          null,
          6,
          null,
          null,
          null,
          null,
          null,
          null,
          1,
          1,
          null,
          null,
          1,
          1,
          null,
          null,
          1,
          1,
          null,
          null,
          null,
          null,
          null,
          null,
          1,
          15,
          15,
          null,
          12,
          null,
          null,
          1,
          22,
          22,
          null,
          21,
          21,
          null,
          21,
          21,
          21,
          21,
          21,
          21,
          21,
          null,
          21,
          null,
          null,
          1,
          7,
          7,
          6,
          6,
          null,
          4,
          4,
          4,
          8,
          4,
          4,
          4,
          null,
          4,
          null,
          null,
          null,
          null,
          null,
          null,
          1,
          24,
          24,
          null,
          24,
          23,
          22,
          null,
          21,
          null,
          null,
          21,
          3,
          1,
          1,
          1,
          null,
          2,
          2,
          2,
          null,
          null,
          null,
          21,
          12,
          4,
          null,
          4,
          4,
          4,
          4,
          4,
          null,
          null,
          8,
          null,
          8,
          8,
          8,
          8,
          8,
          null,
          null,
          null,
          9,
          null,
          9,
          9,
          4,
          4,
          4,
          null,
          null,
          null,
          21,
          null,
          null,
          1,
          20,
          20,
          null,
          20,
          19,
          18,
          null,
          17,
          null,
          null,
          17,
          2,
          0,
          0,
          0,
          null,
          2,
          2,
          2,
          null,
          null,
          null,
          17,
          null,
          17,
          null,
          7,
          7,
          7,
          7,
          7,
          null,
          null,
          null,
          10,
          10,
          5,
          5,
          5,
          null,
          null,
          null,
          17,
          null,
          null,
          null,
          null,
          null,
          null,
          1,
          1,
          1,
          null,
          1,
          null,
          null,
          null,
          null,
          null,
          null,
          null,
          1,
          null,
          88,
          263,
          null,
          null,
          88,
          88,
          null,
          88,
          null,
          1,
          87,
          null,
          14,
          null,
          null,
          73,
          null,
          null,
          null,
          null,
          null,
          1,
          31,
          31,
          null,
          null,
          1,
          37,
          18,
          null,
          1,
          null,
          null,
          1,
          197,
          197,
          2,
          null,
          195,
          null,
          null,
          1,
          38,
          38,
          null,
          38,
          null,
          0,
          null,
          null,
          38,
          12,
          null,
          26,
          null,
          null,
          38,
          null,
          null,
          38,
          38,
          null,
          null,
          null,
          null,
          null,
          null,
          null,
          1,
          null,
          null,
          null,
          null,
          null,
          null,
          null,
          null,
          null,
          null,
          null,
          null,
          null,
          null,
          null,
          null,
          1,
          26,
          26,
          null,
          null,
          null
        ]
      },
      "/home/rahoulb/Developer/dave/.worktrees/phase-4/dave-filesystem/spec/dave_filesystem_spec.rb": {
        "lines": [
          1,
          null,
          null
        ]
      },
      "/home/rahoulb/Developer/dave/.worktrees/phase-4/dave-filesystem/spec/unit/copy_move_spec.rb": {
        "lines": [
          1,
          1,
          1,
          1,
          null,
          1,
          41,
          41,
          null,
          41,
          null,
          null,
          null,
          null,
          null,
          1,
          61,
          61,
          61,
          null,
          null,
          1,
          20,
          20,
          null,
          null,
          1,
          105,
          null,
          null,
          1,
          82,
          82,
          82,
          null,
          null,
          1,
          17,
          17,
          17,
          null,
          null,
          null,
          null,
          null,
          null,
          1,
          1,
          1,
          1,
          null,
          null,
          null,
          1,
          1,
          1,
          1,
          null,
          null,
          null,
          1,
          1,
          1,
          1,
          1,
          null,
          null,
          null,
          null,
          null,
          null,
          null,
          null,
          1,
          1,
          1,
          1,
          1,
          null,
          null,
          1,
          1,
          1,
          1,
          1,
          null,
          null,
          null,
          null,
          null,
          null,
          null,
          1,
          1,
          4,
          4,
          null,
          null,
          1,
          1,
          1,
          null,
          null,
          1,
          1,
          1,
          null,
          null,
          1,
          1,
          1,
          null,
          null,
          1,
          1,
          1,
          1,
          null,
          null,
          null,
          null,
          null,
          null,
          null,
          1,
          1,
          1,
          1,
          1,
          1,
          null,
          1,
          null,
          1,
          1,
          null,
          null,
          null,
          null,
          null,
          null,
          null,
          1,
          1,
          7,
          7,
          7,
          7,
          7,
          7,
          7,
          null,
          null,
          1,
          1,
          1,
          1,
          null,
          null,
          1,
          1,
          1,
          null,
          null,
          1,
          1,
          1,
          null,
          null,
          1,
          1,
          1,
          null,
          null,
          1,
          1,
          1,
          null,
          null,
          1,
          1,
          1,
          1,
          null,
          null,
          1,
          1,
          null,
          null,
          null,
          null,
          null,
          null,
          null,
          1,
          1,
          1,
          1,
          1,
          1,
          null,
          null,
          1,
          1,
          1,
          1,
          1,
          null,
          1,
          null,
          null,
          1,
          null,
          1,
          1,
          null,
          null,
          null,
          null,
          null,
          null,
          null,
          1,
          1,
          4,
          4,
          4,
          4,
          null,
          null,
          1,
          1,
          1,
          null,
          null,
          1,
          1,
          1,
          null,
          null,
          1,
          1,
          1,
          null,
          null,
          1,
          1,
          1,
          null,
          null,
          null,
          null,
          null,
          null,
          null,
          1,
          1,
          1,
          1,
          null,
          null,
          null,
          1,
          1,
          1,
          1,
          null,
          null,
          null,
          1,
          1,
          1,
          1,
          1,
          null,
          null,
          null,
          null,
          null,
          null,
          null,
          null,
          1,
          1,
          1,
          1,
          null,
          null,
          1,
          1,
          1,
          1,
          null,
          null,
          null,
          null,
          null,
          null,
          null,
          1,
          1,
          5,
          5,
          null,
          null,
          1,
          1,
          1,
          null,
          null,
          1,
          1,
          1,
          null,
          null,
          1,
          1,
          1,
          null,
          null,
          1,
          1,
          1,
          null,
          null,
          1,
          1,
          1,
          1,
          null,
          null,
          null,
          null,
          null,
          null,
          null,
          1,
          1,
          1,
          1,
          1,
          1,
          null,
          1,
          null,
          1,
          1,
          1,
          null,
          null,
          null,
          null,
          null,
          null,
          null,
          1,
          1,
          7,
          7,
          7,
          7,
          7,
          7,
          7,
          null,
          null,
          1,
          1,
          1,
          1,
          null,
          null,
          1,
          1,
          1,
          null,
          null,
          1,
          1,
          1,
          null,
          null,
          1,
          1,
          1,
          null,
          null,
          1,
          1,
          1,
          null,
          null,
          1,
          1,
          1,
          null,
          null,
          1,
          1,
          1,
          null,
          null,
          null
        ]
      },
      "/home/rahoulb/Developer/dave/.worktrees/phase-4/dave-filesystem/spec/unit/file_system_provider_spec.rb": {
        "lines": [
          1,
          1,
          1,
          null,
          1,
          70,
          70,
          null,
          70,
          null,
          null,
          null,
          null,
          null,
          1,
          1,
          1,
          1,
          null,
          null,
          null,
          1,
          9,
          null,
          1,
          1,
          null,
          null,
          1,
          1,
          null,
          null,
          1,
          1,
          null,
          null,
          1,
          1,
          null,
          null,
          1,
          1,
          null,
          null,
          1,
          1,
          1,
          null,
          null,
          1,
          1,
          null,
          null,
          1,
          1,
          null,
          null,
          null,
          1,
          7,
          null,
          1,
          1,
          null,
          null,
          1,
          1,
          null,
          null,
          1,
          1,
          null,
          null,
          1,
          1,
          null,
          null,
          1,
          1,
          null,
          null,
          1,
          1,
          1,
          null,
          null,
          null,
          null,
          1,
          1,
          1,
          1,
          null,
          null,
          null,
          1,
          2,
          null,
          1,
          1,
          null,
          null,
          null,
          1,
          1,
          5,
          5,
          5,
          null,
          null,
          1,
          1,
          null,
          null,
          1,
          1,
          1,
          1,
          null,
          null,
          1,
          1,
          1,
          null,
          null,
          1,
          1,
          1,
          null,
          null,
          1,
          1,
          1,
          null,
          null,
          null,
          1,
          1,
          2,
          null,
          2,
          null,
          null,
          1,
          1,
          1,
          1,
          null,
          null,
          1,
          1,
          1,
          null,
          null,
          null,
          null,
          null,
          null,
          null,
          null,
          1,
          1,
          1,
          2,
          null,
          null,
          null,
          1,
          3,
          null,
          1,
          1,
          1,
          1,
          null,
          null,
          1,
          1,
          1,
          1,
          null,
          null,
          null,
          null,
          1,
          1,
          1,
          1,
          1,
          null,
          null,
          1,
          1,
          1,
          null,
          null,
          1,
          1,
          1,
          1,
          null,
          null,
          1,
          1,
          1,
          1,
          null,
          null,
          null,
          1,
          1,
          1,
          1,
          null,
          null,
          null,
          null,
          null,
          null,
          null,
          null,
          null,
          1,
          1,
          1,
          1,
          1,
          null,
          null,
          1,
          1,
          1,
          null,
          null,
          null,
          1,
          2,
          null,
          1,
          2,
          null,
          null,
          null,
          1,
          1,
          2,
          null,
          null,
          null,
          null,
          1,
          1,
          1,
          2,
          null,
          null,
          null,
          1,
          3,
          null,
          1,
          1,
          1,
          null,
          null,
          1,
          1,
          1,
          null,
          null,
          null,
          1,
          1,
          2,
          2,
          null,
          null,
          1,
          1,
          1,
          null,
          null,
          1,
          1,
          1,
          null,
          null,
          null,
          null,
          null,
          null,
          null,
          null,
          1,
          1,
          1,
          null,
          null,
          null,
          1,
          1,
          1,
          null,
          null,
          null,
          1,
          1,
          1,
          null,
          null,
          null,
          null,
          null,
          null,
          null,
          1,
          2,
          null,
          1,
          1,
          null,
          null,
          null,
          1,
          2,
          null,
          1,
          1,
          1,
          null,
          null,
          null,
          1,
          2,
          null,
          1,
          1,
          null,
          null,
          null,
          1,
          2,
          null,
          1,
          1,
          1,
          null,
          null,
          null,
          1,
          2,
          null,
          1,
          1,
          1,
          1,
          null,
          null,
          null,
          1,
          1,
          2,
          null,
          null,
          null,
          1,
          1,
          2,
          null,
          null,
          null,
          1,
          1,
          2,
          null,
          null,
          null,
          null,
          null,
          null,
          null,
          1,
          1,
          2,
          null,
          null,
          null,
          1,
          2,
          null,
          null,
          null,
          null,
          null,
          null,
          null,
          null,
          1,
          null
        ]
      },
      "/home/rahoulb/Developer/dave/.worktrees/phase-4/dave-filesystem/spec/unit/properties_spec.rb": {
        "lines": [
          1,
          1,
          1,
          null,
          1,
          21,
          21,
          null,
          21,
          null,
          null,
          null,
          null,
          null,
          1,
          1,
          2,
          null,
          1,
          1,
          null,
          null,
          null,
          1,
          1,
          1,
          null,
          null,
          null,
          1,
          1,
          1,
          1,
          1,
          1,
          1,
          null,
          null,
          null,
          1,
          1,
          1,
          1,
          null,
          null,
          1,
          1,
          1,
          null,
          null,
          null,
          null,
          null,
          null,
          null,
          null,
          1,
          1,
          5,
          null,
          1,
          1,
          1,
          null,
          null,
          1,
          1,
          1,
          1,
          1,
          1,
          null,
          null,
          1,
          1,
          1,
          1,
          null,
          null,
          1,
          null,
          1,
          null,
          null,
          1,
          1,
          1,
          1,
          null,
          null,
          null,
          1,
          1,
          1,
          1,
          null,
          null,
          null,
          null,
          1,
          1,
          1,
          1,
          null,
          1,
          1,
          null,
          null,
          null,
          1,
          2,
          null,
          1,
          1,
          1,
          null,
          null,
          null,
          null,
          null,
          null,
          null,
          null,
          1,
          1,
          1,
          3,
          3,
          null,
          null,
          1,
          1,
          1,
          null,
          null,
          1,
          1,
          1,
          null,
          null,
          1,
          1,
          1,
          null,
          null,
          null,
          null,
          1,
          2,
          null,
          1,
          1,
          1,
          null,
          null,
          null,
          null,
          1,
          1,
          1,
          1,
          null,
          null,
          null,
          null,
          null,
          null,
          null,
          null,
          null,
          1,
          1,
          1,
          1,
          1,
          null,
          1,
          1,
          null,
          null,
          1,
          1,
          1,
          null,
          1,
          1,
          null,
          null,
          1,
          1,
          null,
          1,
          1,
          null,
          null,
          1,
          1,
          1,
          null,
          1,
          1,
          1,
          null,
          null,
          null
        ]
      }
    },
    "timestamp": 1773530466
  }
}
