{
  "RSpec": {
    "coverage": {
      "/home/rahoulb/Developer/dave/.worktrees/phase-4/dave-server/lib/dave/server.rb": {
        "lines": [
          1,
          1,
          1,
          1,
          1,
          1,
          1,
          1,
          1,
          1,
          1,
          1,
          1,
          1,
          1,
          1,
          1,
          1,
          1,
          1,
          1,
          1,
          null,
          1,
          1,
          1,
          null,
          null,
          1,
          null,
          null,
          null,
          1,
          165,
          165,
          165,
          null,
          null,
          1,
          175,
          175,
          null,
          175,
          5,
          11,
          2,
          4,
          4,
          4,
          45,
          25,
          20,
          21,
          33,
          null,
          1,
          null,
          null,
          1,
          null,
          null,
          null
        ]
      },
      "/home/rahoulb/Developer/dave/.worktrees/phase-4/dave-server/lib/dave/errors.rb": {
        "lines": [
          1,
          1,
          1,
          1,
          1,
          1,
          1,
          1,
          1,
          null
        ]
      },
      "/home/rahoulb/Developer/dave/.worktrees/phase-4/dave-server/lib/dave/principal.rb": {
        "lines": [
          1,
          null,
          null,
          null,
          1,
          null
        ]
      },
      "/home/rahoulb/Developer/dave/.worktrees/phase-4/dave-server/lib/dave/resource.rb": {
        "lines": [
          1,
          null,
          1,
          null,
          null,
          null,
          null,
          null,
          null,
          null,
          null,
          1,
          null,
          null
        ]
      },
      "/home/rahoulb/Developer/dave/.worktrees/phase-4/dave-server/lib/dave/lock_info.rb": {
        "lines": [
          1,
          null,
          1,
          null,
          null,
          null,
          null,
          null,
          null,
          null,
          null,
          null,
          null,
          null,
          null
        ]
      },
      "/home/rahoulb/Developer/dave/.worktrees/phase-4/dave-server/lib/dave/lock_manager.rb": {
        "lines": [
          1,
          1,
          1,
          null,
          1,
          null,
          1,
          1,
          203,
          203,
          null,
          null,
          null,
          null,
          1,
          89,
          89,
          null,
          83,
          83,
          null,
          null,
          null,
          null,
          null,
          null,
          null,
          null,
          null,
          null,
          83,
          83,
          null,
          null,
          null,
          null,
          null,
          1,
          8,
          8,
          8,
          8,
          6,
          null,
          5,
          null,
          null,
          null,
          null,
          null,
          null,
          null,
          null,
          null,
          null,
          5,
          5,
          null,
          null,
          null,
          null,
          1,
          2,
          2,
          1,
          1,
          null,
          1,
          null,
          null,
          null,
          null,
          null,
          null,
          null,
          1,
          9,
          9,
          15,
          null,
          null,
          null,
          null,
          null,
          1,
          25,
          25,
          25,
          214,
          null,
          null,
          null,
          null,
          null,
          1,
          3,
          3,
          6,
          null,
          3,
          null,
          null,
          1,
          null,
          null,
          1,
          416,
          null,
          386,
          null,
          3,
          3,
          3,
          null,
          383,
          null,
          null,
          null,
          1,
          428,
          null,
          426,
          null,
          null,
          null,
          null,
          1,
          89,
          89,
          199,
          198,
          null,
          null,
          null,
          7,
          6,
          null,
          null,
          null,
          null,
          null
        ]
      },
      "/home/rahoulb/Developer/dave/.worktrees/phase-4/dave-server/lib/dave/file_system_interface.rb": {
        "lines": [
          1,
          1,
          null,
          null,
          null,
          1,
          null,
          null,
          null,
          null,
          1,
          null,
          null,
          null,
          null,
          null,
          1,
          null,
          null,
          null,
          null,
          null,
          null,
          null,
          1,
          null,
          null,
          null,
          null,
          null,
          1,
          null,
          null,
          null,
          null,
          null,
          1,
          null,
          null,
          null,
          null,
          null,
          null,
          null,
          null,
          null,
          1,
          null,
          null,
          null,
          null,
          null,
          null,
          null,
          null,
          1,
          null,
          null,
          null,
          null,
          1,
          null,
          null,
          null,
          null,
          null,
          1,
          null,
          null,
          null,
          null,
          null,
          1,
          null,
          null,
          null,
          null,
          null,
          null,
          null,
          null,
          null,
          null,
          1,
          null,
          null,
          null,
          null,
          null,
          1,
          null,
          null,
          null,
          null,
          1,
          null,
          null,
          null,
          1,
          null,
          null,
          null,
          null,
          1,
          null,
          null,
          null,
          null,
          1,
          null,
          null,
          null,
          1
        ]
      },
      "/home/rahoulb/Developer/dave/.worktrees/phase-4/dave-server/lib/dave/file_system_interface/compliance_tests.rb": {
        "lines": [
          null,
          1,
          1,
          1,
          1,
          0,
          null,
          null,
          0,
          0,
          null,
          null,
          0,
          0,
          null,
          null,
          0,
          0,
          0,
          0,
          0,
          0,
          0,
          null,
          null,
          0,
          0,
          0,
          0,
          0,
          null,
          null,
          0,
          0,
          0,
          0,
          0,
          null,
          null,
          0,
          0,
          0,
          0,
          null,
          null,
          0,
          0,
          0,
          0,
          0,
          0,
          null,
          null,
          0,
          0,
          0,
          0,
          0,
          null,
          null,
          0,
          0,
          0,
          0,
          0,
          null,
          null,
          0,
          0,
          0,
          0,
          0,
          null,
          null,
          0,
          0,
          0,
          0,
          0,
          null,
          null,
          0,
          0,
          0,
          0,
          0,
          0,
          null,
          null,
          0,
          0,
          null,
          null,
          0,
          0,
          null,
          null,
          null,
          0,
          0,
          0,
          null,
          null,
          null,
          null,
          null,
          null,
          null
        ]
      },
      "/home/rahoulb/Developer/dave/.worktrees/phase-4/dave-server/lib/dave/security_interface.rb": {
        "lines": [
          1,
          1,
          null,
          null,
          null,
          1,
          null,
          null,
          null,
          1,
          null,
          null,
          null,
          null,
          null,
          null,
          1,
          null,
          null
        ]
      },
      "/home/rahoulb/Developer/dave/.worktrees/phase-4/dave-server/lib/dave/server/request.rb": {
        "lines": [
          1,
          null,
          1,
          1,
          1,
          null,
          null,
          null,
          null,
          1,
          159,
          159,
          null,
          159,
          null,
          null,
          null,
          null
        ]
      },
      "/home/rahoulb/Developer/dave/.worktrees/phase-4/dave-server/lib/dave/server/response.rb": {
        "lines": [
          1,
          null,
          1,
          1,
          1,
          null,
          1,
          null,
          null,
          1,
          175,
          175,
          175,
          175,
          null,
          null,
          1,
          8,
          null,
          null,
          1,
          2,
          null,
          null,
          1,
          5,
          null,
          null,
          1,
          1,
          null,
          null,
          1,
          0,
          null,
          null,
          null,
          null
        ]
      },
      "/home/rahoulb/Developer/dave/.worktrees/phase-4/dave-server/lib/dave/server/handlers/options_handler.rb": {
        "lines": [
          1,
          1,
          1,
          1,
          1,
          5,
          5,
          5,
          null,
          null,
          1,
          5,
          null,
          null,
          null,
          null,
          null,
          null,
          null,
          null,
          null
        ]
      },
      "/home/rahoulb/Developer/dave/.worktrees/phase-4/dave-server/lib/dave/server/handlers/get_handler.rb": {
        "lines": [
          1,
          1,
          1,
          1,
          1,
          13,
          13,
          13,
          13,
          null,
          null,
          1,
          13,
          13,
          null,
          12,
          null,
          null,
          9,
          null,
          null,
          null,
          9,
          6,
          6,
          null,
          null,
          null,
          9,
          9,
          1,
          null,
          null,
          8,
          4,
          null,
          4,
          4,
          null,
          null,
          8,
          null,
          null,
          1,
          null,
          1,
          null,
          2,
          null,
          null,
          null,
          null,
          null,
          null
        ]
      },
      "/home/rahoulb/Developer/dave/.worktrees/phase-4/dave-server/lib/dave/server/handlers/put_handler.rb": {
        "lines": [
          1,
          1,
          1,
          1,
          1,
          4,
          4,
          4,
          null,
          null,
          1,
          4,
          null,
          null,
          4,
          4,
          1,
          null,
          null,
          3,
          null,
          null,
          3,
          null,
          null,
          null,
          null,
          null,
          1,
          null,
          null,
          2,
          2,
          2,
          null,
          null,
          null,
          null,
          null
        ]
      },
      "/home/rahoulb/Developer/dave/.worktrees/phase-4/dave-server/lib/dave/server/handlers/mkcol_handler.rb": {
        "lines": [
          1,
          1,
          1,
          1,
          1,
          4,
          4,
          4,
          null,
          null,
          1,
          4,
          null,
          null,
          4,
          4,
          1,
          1,
          1,
          null,
          null,
          null,
          3,
          null,
          1,
          null,
          1,
          null,
          null,
          1,
          null,
          null,
          null,
          null,
          null
        ]
      },
      "/home/rahoulb/Developer/dave/.worktrees/phase-4/dave-server/lib/dave/server/handlers/delete_handler.rb": {
        "lines": [
          1,
          null,
          1,
          1,
          1,
          1,
          1,
          4,
          4,
          4,
          null,
          null,
          1,
          4,
          null,
          null,
          4,
          null,
          1,
          null,
          null,
          3,
          2,
          null,
          null,
          1,
          1,
          null,
          null,
          null,
          1,
          null,
          1,
          1,
          1,
          1,
          1,
          1,
          1,
          null,
          null,
          null,
          null,
          1,
          null,
          null,
          null,
          null,
          null
        ]
      },
      "/home/rahoulb/Developer/dave/.worktrees/phase-4/dave-server/lib/dave/server/handlers/propfind_handler.rb": {
        "lines": [
          1,
          null,
          1,
          1,
          1,
          1,
          1,
          null,
          null,
          null,
          null,
          1,
          45,
          45,
          45,
          null,
          null,
          1,
          45,
          45,
          44,
          null,
          40,
          40,
          40,
          null,
          39,
          39,
          39,
          null,
          38,
          38,
          null,
          38,
          38,
          null,
          null,
          1,
          null,
          null,
          1,
          45,
          45,
          36,
          4,
          2,
          2,
          1,
          null,
          null,
          null,
          1,
          4,
          null,
          null,
          null,
          null,
          null,
          null,
          null,
          null,
          null,
          null,
          null,
          1,
          39,
          null,
          74,
          36,
          null,
          36,
          22,
          14,
          5,
          null,
          9,
          12,
          12,
          null,
          9,
          null,
          null,
          1,
          null,
          null,
          null,
          null,
          1,
          38,
          null,
          38,
          4,
          4,
          9,
          9,
          null,
          null,
          null,
          38,
          null,
          null,
          null,
          1,
          38,
          47,
          47,
          null,
          null,
          null,
          null,
          1,
          47,
          47,
          null,
          47,
          null,
          33,
          33,
          null,
          null,
          null,
          5,
          51,
          5,
          null,
          null,
          null,
          9,
          9,
          null,
          9,
          9,
          null,
          9,
          12,
          7,
          null,
          5,
          null,
          null,
          null,
          9,
          9,
          9,
          9,
          null,
          null,
          null,
          null,
          null,
          null
        ]
      },
      "/home/rahoulb/Developer/dave/.worktrees/phase-4/dave-server/lib/dave/server/handlers/proppatch_handler.rb": {
        "lines": [
          1,
          null,
          1,
          1,
          1,
          1,
          1,
          25,
          25,
          25,
          null,
          null,
          1,
          25,
          null,
          null,
          25,
          25,
          null,
          null,
          24,
          null,
          null,
          24,
          2,
          null,
          null,
          22,
          22,
          null,
          21,
          null,
          null,
          43,
          6,
          null,
          56,
          70,
          null,
          21,
          7,
          null,
          null,
          14,
          14,
          null,
          14,
          31,
          null,
          null,
          21,
          21,
          null,
          null,
          1,
          null,
          null,
          null,
          1,
          44,
          21,
          null,
          21,
          21,
          22,
          22,
          0,
          null,
          22,
          null,
          22,
          null,
          null,
          21,
          21,
          6,
          null,
          null,
          21,
          null,
          1,
          null,
          null,
          1,
          7,
          7,
          7,
          null,
          null,
          7,
          4,
          4,
          null,
          null,
          null,
          7,
          null,
          null,
          null,
          null,
          null
        ]
      },
      "/home/rahoulb/Developer/dave/.worktrees/phase-4/dave-server/lib/dave/server/handlers/copy_handler.rb": {
        "lines": [
          1,
          1,
          null,
          1,
          1,
          1,
          1,
          1,
          20,
          20,
          20,
          null,
          null,
          1,
          20,
          null,
          null,
          20,
          20,
          null,
          19,
          19,
          null,
          null,
          18,
          null,
          17,
          17,
          null,
          16,
          null,
          null,
          16,
          null,
          2,
          null,
          null,
          null,
          2,
          2,
          1,
          null,
          1,
          null,
          null,
          null,
          12,
          12,
          null,
          null,
          1,
          null,
          1,
          19,
          18,
          18,
          18,
          null,
          1,
          null,
          null,
          1,
          17,
          13,
          3,
          1,
          0,
          null,
          null,
          null,
          1,
          16,
          2,
          14,
          null,
          null,
          null,
          null,
          null,
          null
        ]
      },
      "/home/rahoulb/Developer/dave/.worktrees/phase-4/dave-server/lib/dave/server/handlers/move_handler.rb": {
        "lines": [
          1,
          1,
          null,
          1,
          1,
          1,
          1,
          1,
          21,
          21,
          21,
          null,
          null,
          1,
          21,
          null,
          null,
          21,
          21,
          null,
          20,
          20,
          null,
          null,
          19,
          null,
          18,
          null,
          null,
          18,
          null,
          3,
          null,
          null,
          2,
          2,
          1,
          null,
          1,
          null,
          null,
          null,
          13,
          13,
          null,
          null,
          1,
          null,
          1,
          20,
          19,
          19,
          19,
          null,
          1,
          null,
          null,
          1,
          18,
          3,
          15,
          null,
          null,
          null,
          null,
          null,
          null
        ]
      },
      "/home/rahoulb/Developer/dave/.worktrees/phase-4/dave-server/lib/dave/server/handlers/lock_handler.rb": {
        "lines": [
          1,
          null,
          1,
          1,
          1,
          1,
          1,
          null,
          null,
          null,
          null,
          1,
          33,
          33,
          33,
          null,
          null,
          1,
          33,
          33,
          null,
          33,
          null,
          1,
          null,
          null,
          32,
          null,
          4,
          null,
          null,
          28,
          null,
          null,
          null,
          1,
          null,
          null,
          null,
          null,
          1,
          28,
          28,
          null,
          28,
          28,
          null,
          28,
          null,
          null,
          4,
          null,
          1,
          null,
          3,
          null,
          24,
          null,
          null,
          27,
          27,
          null,
          null,
          27,
          null,
          null,
          null,
          null,
          null,
          null,
          null,
          null,
          2,
          null,
          null,
          null,
          null,
          null,
          null,
          25,
          25,
          null,
          null,
          null,
          null,
          null,
          null,
          null,
          null,
          null,
          null,
          null,
          null,
          1,
          4,
          4,
          null,
          4,
          4,
          null,
          null,
          4,
          null,
          1,
          null,
          null,
          3,
          3,
          null,
          null,
          null,
          null,
          null,
          null,
          null,
          null,
          null,
          null,
          null,
          1,
          56,
          28,
          null,
          28,
          null,
          28,
          28,
          null,
          28,
          28,
          0,
          0,
          null,
          null,
          null,
          null,
          28,
          null,
          null,
          28,
          28,
          null,
          28,
          null,
          0,
          null,
          null,
          null,
          1,
          27,
          1,
          1,
          25,
          0,
          null,
          null,
          null,
          null,
          1,
          31,
          null,
          2,
          1,
          null,
          1,
          null,
          0,
          null,
          null,
          null,
          null,
          null,
          null,
          1,
          28,
          28,
          null,
          28,
          28,
          28,
          28,
          null,
          28,
          28,
          28,
          null,
          28,
          28,
          28,
          null,
          null,
          28,
          28,
          28,
          28,
          28,
          28,
          null,
          null,
          28,
          28,
          28,
          28,
          28,
          28,
          null,
          null,
          28,
          28,
          28,
          28,
          null,
          null,
          28,
          1,
          1,
          null,
          1,
          1,
          1,
          1,
          1,
          1,
          1,
          1,
          null,
          1,
          null,
          null,
          null,
          28,
          28,
          28,
          28,
          null,
          null,
          28,
          28,
          28,
          28,
          28,
          28,
          28,
          null,
          null,
          28,
          28,
          28,
          28,
          28,
          28,
          28,
          null,
          28,
          null,
          null,
          null,
          1,
          1,
          1,
          2,
          1,
          null,
          null,
          null,
          null,
          null,
          null
        ]
      },
      "/home/rahoulb/Developer/dave/.worktrees/phase-4/dave-server/lib/dave/xml.rb": {
        "lines": [
          1,
          null,
          1,
          1,
          1,
          null,
          null,
          1,
          null,
          null,
          null,
          null,
          null,
          null,
          null,
          null,
          1,
          405,
          404,
          402,
          null,
          null,
          null,
          null,
          1,
          81,
          81,
          null,
          81,
          81,
          162,
          81,
          81,
          null,
          81,
          null,
          81,
          null,
          null,
          null,
          null,
          null,
          1,
          4,
          4,
          4,
          8,
          4,
          4,
          null,
          4,
          null,
          null,
          null,
          null,
          1,
          76,
          152,
          null,
          76,
          88,
          88,
          88,
          null,
          88,
          88,
          88,
          88,
          null,
          88,
          99,
          99,
          null,
          null,
          null,
          null,
          76,
          null,
          null,
          1,
          1,
          null,
          null,
          1,
          103,
          103,
          null,
          103,
          103,
          103,
          null,
          103,
          399,
          null,
          399,
          null,
          399,
          373,
          null,
          26,
          52,
          26,
          null,
          null,
          399,
          399,
          null,
          null,
          103,
          103,
          103,
          103,
          103,
          null,
          103,
          null,
          null,
          null,
          1,
          29,
          26,
          null,
          23,
          23,
          23,
          null,
          null,
          null,
          null,
          null,
          null,
          1,
          399,
          null,
          223,
          null,
          9,
          9,
          9,
          9,
          9,
          null,
          null,
          214,
          null,
          null,
          null,
          null,
          null,
          1,
          null,
          9,
          9,
          9,
          9,
          9,
          9,
          null,
          null,
          null,
          null,
          1,
          9,
          9,
          9,
          9,
          null,
          null,
          null,
          null,
          null
        ]
      },
      "/home/rahoulb/Developer/dave/.worktrees/phase-4/dave-server/lib/dave/properties.rb": {
        "lines": [
          1,
          null,
          1,
          1,
          null,
          1,
          null,
          null,
          null,
          null,
          null,
          null,
          null,
          null,
          null,
          null,
          null,
          null,
          1,
          730,
          null,
          null,
          null,
          null,
          null,
          null,
          1,
          661,
          null,
          660,
          null,
          null,
          66,
          66,
          null,
          66,
          51,
          null,
          66,
          51,
          null,
          66,
          null,
          66,
          null,
          66,
          null,
          null,
          null,
          null,
          null,
          66,
          null,
          66,
          null,
          66,
          null,
          66,
          null,
          null,
          null,
          null,
          null,
          1,
          64,
          640,
          640,
          null,
          null,
          null,
          null
        ]
      },
      "/home/rahoulb/Developer/dave/.worktrees/phase-4/dave-server/spec/dave_server_spec.rb": {
        "lines": [
          1,
          1,
          null,
          1,
          1,
          null,
          3,
          2,
          2,
          null,
          3,
          null,
          1,
          1,
          1,
          1,
          1,
          1,
          null,
          null,
          null,
          1,
          1,
          1,
          1,
          null,
          1,
          1,
          1,
          null,
          1,
          1,
          null,
          null,
          null
        ]
      },
      "/home/rahoulb/Developer/dave/.worktrees/phase-4/dave-server/spec/integration/copy_spec.rb": {
        "lines": [
          1,
          1,
          1,
          null,
          1,
          1,
          null,
          21,
          21,
          21,
          null,
          21,
          null,
          1,
          19,
          null,
          null,
          1,
          1,
          1,
          null,
          null,
          1,
          1,
          null,
          null,
          1,
          0,
          null,
          null,
          1,
          null,
          null,
          null,
          null,
          null,
          null,
          null,
          1,
          4,
          null,
          1,
          1,
          1,
          null,
          null,
          1,
          1,
          1,
          null,
          null,
          1,
          1,
          1,
          null,
          null,
          null,
          null,
          null,
          null,
          1,
          1,
          2,
          2,
          null,
          null,
          1,
          1,
          1,
          null,
          null,
          1,
          1,
          1,
          null,
          null,
          null,
          null,
          null,
          null,
          1,
          1,
          2,
          2,
          null,
          null,
          1,
          1,
          1,
          null,
          null,
          1,
          1,
          1,
          null,
          null,
          null,
          null,
          null,
          null,
          1,
          1,
          1,
          1,
          null,
          null,
          null,
          null,
          null,
          null,
          1,
          2,
          null,
          1,
          1,
          1,
          null,
          null,
          null,
          null,
          null,
          null,
          1,
          2,
          null,
          1,
          1,
          1,
          null,
          null,
          null,
          null,
          null,
          null,
          1,
          3,
          null,
          1,
          1,
          1,
          null,
          null,
          1,
          1,
          1,
          1,
          1,
          null,
          null,
          null,
          null,
          null,
          null,
          1,
          2,
          null,
          1,
          1,
          1,
          null,
          null,
          null,
          null,
          null,
          null,
          1,
          1,
          3,
          3,
          null,
          null,
          1,
          1,
          1,
          null,
          null,
          1,
          1,
          1,
          null,
          null,
          1,
          1,
          1,
          null,
          null,
          null,
          null,
          null,
          null,
          1,
          1,
          2,
          2,
          2,
          2,
          null,
          null,
          1,
          1,
          1,
          null,
          null,
          1,
          1,
          1,
          1,
          null,
          null,
          null,
          null,
          null,
          null,
          1,
          1,
          2,
          2,
          null,
          null,
          1,
          1,
          1,
          1,
          1,
          null,
          null,
          1,
          1,
          null,
          1,
          1,
          1,
          1,
          1,
          null,
          null,
          null
        ]
      },
      "/home/rahoulb/Developer/dave/.worktrees/phase-4/dave-server/spec/integration/delete_spec.rb": {
        "lines": [
          1,
          1,
          null,
          1,
          1,
          null,
          5,
          4,
          4,
          null,
          5,
          null,
          1,
          1,
          1,
          1,
          1,
          null,
          null,
          1,
          1,
          1,
          1,
          1,
          1,
          1,
          null,
          null,
          1,
          1,
          1,
          null,
          null,
          1,
          null,
          1,
          1,
          null,
          null,
          null,
          null,
          null,
          null,
          null,
          null,
          1,
          1,
          null,
          1,
          1,
          null,
          1,
          1,
          1,
          1,
          1,
          null,
          null
        ]
      },
      "/home/rahoulb/Developer/dave/.worktrees/phase-4/dave-server/spec/integration/get_spec.rb": {
        "lines": [
          1,
          1,
          null,
          1,
          1,
          null,
          11,
          11,
          11,
          null,
          11,
          null,
          1,
          1,
          1,
          1,
          1,
          1,
          1,
          1,
          1,
          1,
          null,
          null,
          1,
          1,
          1,
          null,
          null,
          1,
          1,
          1,
          1,
          null,
          null,
          1,
          1,
          1,
          1,
          null,
          1,
          1,
          null,
          null,
          1,
          1,
          1,
          1,
          null,
          null,
          1,
          1,
          1,
          1,
          null,
          null,
          null,
          1,
          1,
          1,
          1,
          null,
          1,
          1,
          null,
          null,
          1,
          1,
          null,
          1,
          1,
          null,
          1,
          1,
          null,
          null,
          null,
          1,
          1,
          1,
          null,
          1,
          1,
          1,
          1,
          1,
          1,
          1,
          1,
          null,
          null,
          1,
          1,
          1,
          null,
          null,
          null
        ]
      },
      "/home/rahoulb/Developer/dave/.worktrees/phase-4/dave-server/spec/integration/lock_spec.rb": {
        "lines": [
          1,
          1,
          1,
          null,
          1,
          1,
          null,
          29,
          29,
          29,
          null,
          29,
          null,
          1,
          33,
          33,
          null,
          null,
          1,
          15,
          null,
          null,
          1,
          14,
          null,
          null,
          1,
          null,
          null,
          null,
          null,
          null,
          null,
          null,
          1,
          null,
          null,
          null,
          null,
          null,
          null,
          null,
          null,
          null,
          null,
          1,
          null,
          null,
          null,
          null,
          null,
          null,
          null,
          null,
          null,
          null,
          1,
          12,
          null,
          1,
          1,
          1,
          null,
          null,
          1,
          1,
          1,
          null,
          null,
          1,
          1,
          1,
          1,
          1,
          null,
          null,
          1,
          1,
          1,
          1,
          1,
          null,
          null,
          1,
          1,
          1,
          1,
          1,
          null,
          null,
          1,
          1,
          1,
          1,
          1,
          null,
          null,
          1,
          1,
          1,
          1,
          1,
          1,
          null,
          null,
          1,
          1,
          1,
          1,
          1,
          1,
          null,
          null,
          1,
          1,
          1,
          1,
          1,
          null,
          null,
          1,
          1,
          1,
          1,
          1,
          null,
          null,
          1,
          1,
          1,
          1,
          1,
          1,
          null,
          null,
          null,
          null,
          null,
          null,
          1,
          1,
          1,
          1,
          null,
          null,
          1,
          1,
          1,
          1,
          null,
          null,
          1,
          1,
          1,
          null,
          null,
          null,
          null,
          null,
          null,
          1,
          1,
          1,
          1,
          null,
          null,
          null,
          null,
          null,
          null,
          1,
          2,
          null,
          1,
          1,
          1,
          1,
          1,
          null,
          null,
          null,
          null,
          null,
          null,
          1,
          2,
          null,
          1,
          1,
          1,
          1,
          1,
          null,
          null,
          null,
          null,
          null,
          null,
          1,
          2,
          null,
          1,
          1,
          1,
          1,
          1,
          null,
          null,
          null,
          null,
          null,
          null,
          1,
          2,
          null,
          1,
          1,
          1,
          1,
          1,
          null,
          null,
          null,
          null,
          null,
          null,
          1,
          1,
          2,
          2,
          null,
          null,
          1,
          1,
          1,
          null,
          null,
          1,
          1,
          1,
          1,
          1,
          null,
          null,
          null,
          null,
          null,
          null,
          1,
          4,
          null,
          1,
          3,
          3,
          null,
          3,
          null,
          null,
          1,
          1,
          1,
          1,
          null,
          null,
          1,
          1,
          1,
          1,
          null,
          null,
          1,
          1,
          1,
          1,
          1,
          1,
          null,
          null,
          null,
          null,
          null,
          null,
          1,
          2,
          null,
          1,
          1,
          1,
          null,
          null,
          null,
          null,
          null,
          null,
          1,
          3,
          null,
          1,
          1,
          1,
          null,
          null,
          1,
          1,
          1,
          null,
          null,
          null,
          null,
          null,
          null,
          1,
          2,
          null,
          1,
          1,
          1,
          null,
          null,
          null
        ]
      },
      "/home/rahoulb/Developer/dave/.worktrees/phase-4/dave-server/spec/integration/mkcol_spec.rb": {
        "lines": [
          1,
          1,
          null,
          1,
          5,
          5,
          5,
          5,
          null,
          5,
          null,
          1,
          1,
          1,
          1,
          null,
          null,
          1,
          1,
          1,
          1,
          null,
          null,
          1,
          1,
          1,
          null,
          null,
          1,
          1,
          null,
          null,
          null,
          1,
          null,
          null
        ]
      },
      "/home/rahoulb/Developer/dave/.worktrees/phase-4/dave-server/spec/integration/move_spec.rb": {
        "lines": [
          1,
          1,
          1,
          null,
          1,
          1,
          null,
          22,
          22,
          22,
          null,
          22,
          null,
          1,
          19,
          null,
          null,
          1,
          1,
          1,
          null,
          null,
          1,
          1,
          null,
          null,
          1,
          0,
          null,
          null,
          1,
          null,
          null,
          null,
          null,
          null,
          null,
          null,
          1,
          5,
          null,
          1,
          1,
          1,
          null,
          null,
          1,
          1,
          1,
          null,
          null,
          1,
          1,
          1,
          null,
          null,
          1,
          1,
          1,
          null,
          null,
          null,
          null,
          null,
          null,
          1,
          1,
          3,
          3,
          null,
          null,
          1,
          1,
          1,
          null,
          null,
          1,
          1,
          1,
          null,
          null,
          1,
          1,
          1,
          null,
          null,
          null,
          null,
          null,
          null,
          1,
          1,
          3,
          3,
          null,
          null,
          1,
          1,
          1,
          null,
          null,
          1,
          1,
          1,
          null,
          null,
          1,
          1,
          1,
          null,
          null,
          null,
          null,
          null,
          null,
          1,
          1,
          1,
          1,
          null,
          null,
          null,
          null,
          null,
          null,
          1,
          2,
          null,
          1,
          1,
          1,
          null,
          null,
          null,
          null,
          null,
          null,
          1,
          2,
          null,
          1,
          1,
          1,
          null,
          null,
          null,
          null,
          null,
          null,
          1,
          3,
          null,
          1,
          1,
          1,
          null,
          null,
          1,
          1,
          null,
          1,
          1,
          1,
          null,
          null,
          null,
          null,
          null,
          null,
          1,
          1,
          1,
          1,
          1,
          1,
          1,
          1,
          1,
          null,
          null,
          null,
          null,
          null,
          null,
          1,
          1,
          3,
          3,
          3,
          3,
          null,
          null,
          1,
          1,
          1,
          null,
          null,
          1,
          1,
          1,
          1,
          null,
          null,
          1,
          1,
          1,
          null,
          null,
          null,
          null,
          null,
          null,
          1,
          1,
          2,
          2,
          null,
          null,
          1,
          1,
          1,
          1,
          1,
          null,
          null,
          1,
          1,
          null,
          1,
          1,
          1,
          1,
          1,
          null,
          null,
          null
        ]
      },
      "/home/rahoulb/Developer/dave/.worktrees/phase-4/dave-server/spec/integration/options_spec.rb": {
        "lines": [
          1,
          1,
          null,
          1,
          1,
          null,
          6,
          6,
          6,
          null,
          6,
          null,
          1,
          1,
          1,
          null,
          null,
          1,
          1,
          1,
          null,
          null,
          1,
          1,
          1,
          1,
          1,
          12,
          null,
          null,
          null,
          1,
          1,
          1,
          1,
          1,
          1,
          12,
          null,
          null,
          null,
          1,
          1,
          1,
          null,
          null
        ]
      },
      "/home/rahoulb/Developer/dave/.worktrees/phase-4/dave-server/spec/integration/propfind_spec.rb": {
        "lines": [
          1,
          1,
          1,
          null,
          1,
          1,
          null,
          43,
          43,
          43,
          null,
          43,
          null,
          null,
          1,
          42,
          42,
          null,
          null,
          null,
          1,
          29,
          null,
          null,
          1,
          32,
          null,
          null,
          1,
          null,
          null,
          null,
          null,
          1,
          null,
          null,
          null,
          null,
          1,
          9,
          12,
          12,
          null,
          9,
          null,
          null,
          null,
          null,
          null,
          null,
          null,
          null,
          null,
          null,
          null,
          null,
          1,
          8,
          null,
          1,
          1,
          1,
          null,
          null,
          1,
          1,
          1,
          null,
          null,
          1,
          1,
          1,
          1,
          1,
          null,
          null,
          1,
          1,
          1,
          1,
          1,
          null,
          null,
          1,
          1,
          1,
          1,
          1,
          null,
          null,
          1,
          1,
          1,
          1,
          1,
          null,
          null,
          1,
          1,
          1,
          1,
          1,
          null,
          null,
          null,
          null,
          null,
          null,
          1,
          5,
          null,
          1,
          1,
          1,
          1,
          1,
          null,
          null,
          1,
          1,
          1,
          1,
          1,
          null,
          null,
          1,
          1,
          1,
          1,
          1,
          null,
          null,
          1,
          1,
          1,
          1,
          1,
          1,
          null,
          null,
          null,
          null,
          null,
          null,
          1,
          5,
          null,
          1,
          1,
          1,
          null,
          null,
          1,
          1,
          1,
          1,
          1,
          1,
          null,
          null,
          1,
          1,
          1,
          1,
          1,
          1,
          null,
          null,
          1,
          1,
          1,
          1,
          1,
          1,
          null,
          null,
          null,
          null,
          null,
          null,
          1,
          5,
          null,
          1,
          1,
          1,
          null,
          null,
          1,
          1,
          1,
          1,
          1,
          null,
          null,
          1,
          1,
          1,
          1,
          1,
          null,
          null,
          1,
          1,
          1,
          null,
          1,
          1,
          null,
          null,
          null,
          null,
          null,
          null,
          1,
          3,
          null,
          1,
          1,
          1,
          null,
          null,
          1,
          1,
          1,
          1,
          2,
          null,
          null,
          null,
          null,
          null,
          null,
          1,
          4,
          null,
          1,
          1,
          1,
          1,
          1,
          2,
          3,
          null,
          null,
          1,
          1,
          1,
          1,
          2,
          1,
          null,
          null,
          1,
          1,
          1,
          1,
          3,
          1,
          null,
          null,
          null,
          null,
          null,
          null,
          1,
          4,
          null,
          1,
          1,
          1,
          null,
          null,
          1,
          1,
          1,
          1,
          1,
          null,
          null,
          1,
          1,
          1,
          1,
          1,
          1,
          null,
          null,
          null,
          null,
          null,
          null,
          1,
          1,
          4,
          4,
          4,
          null,
          null,
          1,
          1,
          1,
          null,
          null,
          1,
          1,
          1,
          1,
          null,
          1,
          null,
          null,
          1,
          1,
          1,
          1,
          1,
          1,
          null,
          null,
          1,
          1,
          1,
          1,
          1,
          1,
          null,
          5,
          null,
          null,
          null,
          null,
          null,
          null,
          1,
          3,
          null,
          1,
          1,
          1,
          null,
          null,
          1,
          1,
          1,
          1,
          1,
          null,
          null,
          null,
          null,
          null,
          null,
          1,
          2,
          null,
          1,
          1,
          1,
          null,
          null,
          null,
          null,
          null,
          null,
          1,
          3,
          null,
          1,
          1,
          1,
          null,
          null,
          1,
          1,
          1,
          1,
          1,
          null,
          null,
          null,
          null,
          null,
          null,
          1,
          1,
          1,
          1,
          null,
          null,
          null,
          null,
          null,
          null,
          1,
          3,
          null,
          1,
          1,
          1,
          null,
          null,
          1,
          1,
          1,
          1,
          1,
          null,
          null,
          null,
          null,
          null,
          null,
          1,
          1,
          2,
          2,
          null,
          null,
          1,
          1,
          1,
          null,
          1,
          1,
          1,
          null,
          null,
          1,
          1,
          1,
          1,
          1,
          1,
          null,
          null,
          null,
          null,
          null,
          null,
          1,
          2,
          null,
          1,
          1,
          1,
          null,
          null,
          null
        ]
      },
      "/home/rahoulb/Developer/dave/.worktrees/phase-4/dave-server/spec/integration/proppatch_spec.rb": {
        "lines": [
          1,
          1,
          1,
          null,
          1,
          1,
          null,
          26,
          26,
          26,
          null,
          26,
          null,
          1,
          25,
          25,
          null,
          null,
          1,
          9,
          null,
          null,
          1,
          12,
          null,
          null,
          1,
          12,
          12,
          12,
          null,
          12,
          null,
          null,
          null,
          null,
          null,
          null,
          null,
          null,
          null,
          null,
          null,
          1,
          3,
          3,
          3,
          null,
          3,
          null,
          null,
          null,
          null,
          null,
          null,
          null,
          null,
          null,
          null,
          null,
          1,
          7,
          11,
          11,
          null,
          7,
          3,
          3,
          null,
          7,
          null,
          null,
          null,
          null,
          null,
          null,
          null,
          null,
          null,
          null,
          null,
          null,
          null,
          null,
          null,
          null,
          null,
          null,
          null,
          1,
          6,
          null,
          1,
          1,
          1,
          null,
          null,
          1,
          1,
          1,
          null,
          null,
          1,
          1,
          1,
          1,
          2,
          null,
          null,
          1,
          1,
          1,
          null,
          null,
          1,
          1,
          1,
          1,
          1,
          null,
          null,
          null,
          null,
          null,
          null,
          1,
          1,
          3,
          3,
          null,
          null,
          1,
          1,
          1,
          null,
          null,
          1,
          1,
          1,
          1,
          2,
          null,
          null,
          1,
          1,
          1,
          null,
          null,
          null,
          null,
          null,
          null,
          1,
          1,
          3,
          3,
          null,
          null,
          1,
          1,
          null,
          null,
          null,
          1,
          1,
          null,
          null,
          1,
          1,
          null,
          null,
          null,
          1,
          1,
          1,
          2,
          2,
          null,
          null,
          1,
          1,
          null,
          null,
          null,
          1,
          1,
          1,
          1,
          null,
          null,
          null,
          null,
          null,
          null,
          1,
          4,
          null,
          1,
          1,
          1,
          null,
          null,
          1,
          1,
          1,
          1,
          2,
          null,
          null,
          1,
          1,
          1,
          1,
          2,
          null,
          null,
          null,
          null,
          null,
          null,
          1,
          5,
          null,
          1,
          4,
          null,
          null,
          null,
          null,
          null,
          1,
          1,
          1,
          null,
          null,
          1,
          1,
          1,
          1,
          1,
          null,
          1,
          1,
          null,
          null,
          1,
          1,
          1,
          1,
          2,
          null,
          1,
          null,
          null,
          1,
          1,
          1,
          1,
          null,
          null,
          null,
          null,
          null,
          null,
          1,
          1,
          1,
          1,
          null,
          null,
          null,
          null,
          null,
          null,
          1,
          2,
          null,
          1,
          1,
          1,
          null,
          null,
          null,
          null,
          null,
          null,
          1,
          3,
          null,
          1,
          1,
          1,
          null,
          null,
          1,
          1,
          1,
          null,
          null,
          null,
          null,
          null,
          null,
          1,
          3,
          null,
          1,
          1,
          1,
          null,
          null,
          1,
          1,
          1,
          1,
          null,
          null,
          null,
          null,
          null,
          null,
          1,
          2,
          null,
          1,
          null,
          1,
          1,
          null,
          null,
          1,
          null,
          null,
          null,
          1,
          1,
          null,
          1,
          1,
          1,
          1,
          null,
          null,
          null
        ]
      },
      "/home/rahoulb/Developer/dave/.worktrees/phase-4/dave-server/spec/integration/put_spec.rb": {
        "lines": [
          1,
          1,
          null,
          1,
          1,
          null,
          5,
          5,
          5,
          null,
          5,
          null,
          1,
          1,
          1,
          1,
          null,
          null,
          1,
          1,
          1,
          1,
          null,
          null,
          1,
          1,
          1,
          null,
          null,
          1,
          1,
          1,
          1,
          null,
          null
        ]
      },
      "/home/rahoulb/Developer/dave/.worktrees/phase-4/dave-server/spec/unit/compliance_tests_spec.rb": {
        "lines": [
          1,
          1,
          null,
          1,
          1,
          1,
          null,
          1,
          null,
          null,
          1,
          1,
          null,
          null,
          null
        ]
      },
      "/home/rahoulb/Developer/dave/.worktrees/phase-4/dave-server/spec/unit/file_system_interface_spec.rb": {
        "lines": [
          1,
          1,
          1,
          1,
          1,
          null,
          1,
          1,
          18,
          18,
          null,
          null,
          null,
          18,
          null,
          1,
          1,
          2,
          null,
          null,
          1,
          2,
          null,
          null,
          1,
          2,
          null,
          null,
          1,
          2,
          null,
          null,
          1,
          2,
          null,
          null,
          1,
          2,
          null,
          null,
          1,
          2,
          null,
          null,
          1,
          2,
          null,
          null,
          1,
          2,
          null,
          null,
          1,
          2,
          null,
          null,
          1,
          2,
          null,
          null,
          1,
          2,
          null,
          null,
          1,
          2,
          null,
          null,
          1,
          2,
          null,
          null,
          1,
          2,
          null,
          null,
          1,
          2,
          null,
          null,
          1,
          2,
          null,
          null,
          null,
          1,
          1,
          1,
          null,
          null,
          null,
          null,
          null,
          null,
          1,
          1,
          17,
          null,
          null,
          null,
          1,
          1,
          1,
          null,
          null,
          null,
          null,
          1,
          1,
          1,
          null,
          null,
          1,
          1,
          null,
          null,
          1,
          1,
          null,
          null,
          1,
          1,
          null,
          null,
          1,
          1,
          null,
          null,
          1,
          1,
          null,
          null,
          1,
          2,
          null,
          null,
          null,
          1,
          1,
          1,
          1,
          1,
          null,
          null,
          1,
          1,
          1,
          null,
          null,
          1,
          1,
          1,
          1,
          null,
          null,
          null,
          1,
          1,
          10,
          null,
          null,
          null,
          null,
          null,
          null,
          null,
          null,
          null,
          null,
          null,
          null,
          1,
          1,
          null,
          null,
          1,
          1,
          null,
          null,
          1,
          1,
          null,
          null,
          1,
          1,
          null,
          null,
          1,
          1,
          null,
          null,
          1,
          1,
          null,
          null,
          1,
          1,
          null,
          null,
          1,
          1,
          null,
          null,
          1,
          1,
          null,
          null,
          1,
          1,
          null,
          null,
          1,
          1,
          null,
          null,
          null,
          1,
          null,
          null,
          1,
          1,
          null,
          null,
          null,
          1,
          null,
          null,
          1,
          1,
          null,
          null,
          null,
          1,
          null,
          null,
          1,
          1,
          null,
          null,
          null,
          1,
          null,
          null,
          null,
          1,
          1,
          3,
          3,
          null,
          null,
          null,
          4,
          null,
          1,
          1,
          2,
          null,
          null,
          1,
          2,
          null,
          null,
          1,
          1,
          2,
          null,
          null
        ]
      },
      "/home/rahoulb/Developer/dave/.worktrees/phase-4/dave-server/spec/unit/lock_manager_spec.rb": {
        "lines": [
          1,
          1,
          null,
          1,
          39,
          null,
          38,
          7,
          null,
          null,
          null,
          1,
          1,
          1,
          1,
          1,
          null,
          null,
          1,
          1,
          1,
          null,
          null,
          1,
          1,
          1,
          1,
          1,
          null,
          null,
          1,
          1,
          1,
          null,
          null,
          1,
          1,
          1,
          1,
          1,
          null,
          null,
          1,
          1,
          1,
          null,
          null,
          1,
          1,
          1,
          null,
          null,
          1,
          1,
          1,
          null,
          null,
          1,
          1,
          1,
          null,
          null,
          1,
          1,
          1,
          null,
          null,
          null,
          1,
          1,
          1,
          1,
          null,
          null,
          null,
          1,
          1,
          1,
          1,
          1,
          null,
          null,
          null,
          1,
          1,
          1,
          1,
          null,
          null,
          null,
          1,
          1,
          1,
          1,
          null,
          null,
          null,
          1,
          1,
          1,
          1,
          null,
          null,
          null,
          1,
          1,
          1,
          1,
          null,
          null,
          null,
          1,
          1,
          1,
          1,
          null,
          null,
          null,
          1,
          1,
          null,
          1,
          1,
          1,
          null,
          null,
          null,
          null,
          null,
          null,
          null,
          1,
          5,
          null,
          1,
          1,
          1,
          null,
          null,
          1,
          1,
          1,
          1,
          1,
          null,
          null,
          1,
          1,
          1,
          null,
          null,
          null,
          1,
          1,
          1,
          1,
          null,
          null,
          null,
          null,
          null,
          null,
          1,
          3,
          null,
          1,
          1,
          1,
          null,
          null,
          1,
          1,
          null,
          null,
          null,
          null,
          null,
          1,
          1,
          1,
          1,
          null,
          null,
          1,
          1,
          1,
          null,
          null,
          1,
          1,
          1,
          null,
          null,
          1,
          1,
          null,
          null,
          1,
          1,
          1,
          1,
          null,
          null,
          null,
          null,
          null,
          1,
          1,
          1,
          1,
          null,
          null,
          1,
          1,
          1,
          null,
          null,
          1,
          1,
          null,
          null,
          1,
          1,
          1,
          1,
          null,
          null,
          1,
          1,
          1,
          null,
          null,
          null,
          null,
          null,
          1,
          1,
          1,
          1,
          1,
          1,
          null,
          null,
          1,
          1,
          1,
          1,
          null,
          null,
          1,
          1,
          1,
          1,
          1,
          null,
          null,
          null,
          null,
          null,
          1,
          1,
          21,
          1,
          1,
          null,
          1,
          20,
          20,
          null,
          0,
          null,
          null,
          null,
          1,
          null,
          1,
          null,
          1,
          20,
          null,
          null,
          null,
          null
        ]
      },
      "/home/rahoulb/Developer/dave/.worktrees/phase-4/dave-server/spec/unit/properties_spec.rb": {
        "lines": [
          1,
          null,
          1,
          1,
          22,
          null,
          null,
          null,
          null,
          null,
          null,
          null,
          null,
          null,
          null,
          1,
          16,
          null,
          null,
          null,
          null,
          null,
          null,
          null,
          null,
          null,
          null,
          1,
          1,
          1,
          1,
          null,
          null,
          1,
          null,
          1,
          null,
          null,
          null,
          null,
          null,
          null,
          null,
          null,
          null,
          null,
          1,
          null,
          null,
          null,
          1,
          1,
          1,
          1,
          1,
          1,
          1,
          1,
          1,
          1,
          1,
          1,
          null,
          null,
          1,
          1,
          1,
          1,
          null,
          null,
          null,
          1,
          1,
          1,
          1,
          1,
          null,
          null,
          null,
          null,
          1,
          1,
          1,
          null,
          null,
          1,
          1,
          null,
          null,
          null,
          1,
          1,
          1,
          null,
          null,
          1,
          1,
          null,
          null,
          null,
          1,
          1,
          1,
          null,
          null,
          1,
          1,
          null,
          null,
          null,
          1,
          1,
          1,
          null,
          null,
          1,
          1,
          null,
          null,
          null,
          1,
          1,
          1,
          1,
          null,
          null,
          1,
          1,
          1,
          null,
          null,
          null,
          1,
          1,
          1,
          1,
          null,
          null,
          1,
          1,
          1,
          null,
          null,
          null,
          1,
          1,
          1,
          null,
          null,
          1,
          1,
          1,
          null,
          null,
          null,
          1,
          1,
          1,
          null,
          null,
          1,
          1,
          null,
          null,
          null,
          1,
          1,
          1,
          null,
          null,
          1,
          1,
          null,
          null,
          null,
          1,
          1,
          1,
          null,
          null,
          1,
          1,
          null,
          null,
          null,
          null,
          1,
          1,
          12,
          null,
          1,
          1,
          null,
          null,
          1,
          1,
          null,
          null,
          1,
          1,
          null,
          null,
          1,
          1,
          null,
          null,
          1,
          1,
          null,
          null,
          1,
          1,
          null,
          null,
          1,
          1,
          null,
          null,
          1,
          1,
          null,
          null,
          1,
          1,
          null,
          null,
          1,
          1,
          null,
          null,
          1,
          1,
          null,
          null,
          null,
          1,
          7,
          null,
          1,
          1,
          null,
          null,
          1,
          1,
          null,
          null,
          1,
          1,
          null,
          null,
          1,
          1,
          null,
          null,
          1,
          1,
          null,
          null,
          1,
          1,
          null,
          null,
          null,
          null
        ]
      },
      "/home/rahoulb/Developer/dave/.worktrees/phase-4/dave-server/spec/unit/resource_spec.rb": {
        "lines": [
          1,
          1,
          null,
          1,
          18,
          18,
          null,
          1,
          null,
          14,
          null,
          null,
          null,
          null,
          null,
          null,
          null,
          null,
          null,
          13,
          null,
          1,
          1,
          2,
          null,
          null,
          1,
          1,
          null,
          null,
          1,
          1,
          null,
          null,
          1,
          1,
          null,
          null,
          1,
          1,
          null,
          null,
          1,
          1,
          null,
          null,
          1,
          1,
          null,
          null,
          1,
          1,
          null,
          null,
          null,
          1,
          1,
          1,
          1,
          null,
          null,
          null,
          1,
          1,
          1,
          null,
          null,
          1,
          1,
          null,
          null,
          null,
          null,
          1,
          1,
          1,
          null,
          null,
          1,
          1,
          1,
          1,
          null,
          null,
          null,
          1,
          1,
          1,
          1,
          null,
          null,
          1,
          1,
          1,
          null,
          null,
          null,
          1,
          1,
          3,
          null,
          null,
          null,
          null,
          null,
          null,
          null,
          null,
          null,
          null,
          1,
          1,
          null,
          null,
          1,
          1,
          null,
          null,
          1,
          1,
          null,
          null,
          null
        ]
      },
      "/home/rahoulb/Developer/dave/.worktrees/phase-4/dave-server/spec/unit/xml_spec.rb": {
        "lines": [
          1,
          1,
          null,
          1,
          1,
          1,
          1,
          null,
          null,
          null,
          1,
          1,
          1,
          1,
          1,
          null,
          null,
          1,
          1,
          1,
          1,
          null,
          null,
          1,
          1,
          1,
          1,
          null,
          null,
          1,
          2,
          null,
          null,
          1,
          2,
          null,
          null,
          1,
          2,
          null,
          null,
          null,
          1,
          1,
          1,
          1,
          1,
          1,
          null,
          null,
          1,
          1,
          1,
          1,
          null,
          null,
          1,
          1,
          1,
          1,
          null,
          null,
          1,
          1,
          1,
          null,
          null,
          null,
          1,
          1,
          1,
          null,
          null,
          7,
          null,
          null,
          null,
          null,
          null,
          null,
          null,
          8,
          null,
          1,
          1,
          null,
          null,
          1,
          1,
          1,
          null,
          null,
          1,
          1,
          null,
          null,
          1,
          1,
          null,
          null,
          1,
          1,
          null,
          null,
          1,
          1,
          1,
          null,
          null,
          1,
          1,
          null,
          null,
          null,
          1,
          1,
          null,
          null,
          4,
          null,
          null,
          null,
          null,
          null,
          null,
          null,
          null,
          5,
          null,
          1,
          1,
          null,
          null,
          1,
          1,
          null,
          null,
          1,
          1,
          null,
          null,
          1,
          1,
          null,
          null,
          null,
          1,
          1,
          null,
          null,
          3,
          null,
          null,
          null,
          null,
          null,
          null,
          null,
          null,
          null,
          null,
          null,
          null,
          null,
          4,
          null,
          1,
          1,
          null,
          null,
          1,
          1,
          null,
          null,
          1,
          1,
          null,
          null,
          null,
          1,
          1,
          1,
          null,
          null,
          1,
          null,
          null,
          null,
          null,
          null,
          null,
          null,
          1,
          1,
          1,
          1,
          1,
          1,
          null,
          null,
          null,
          1,
          1,
          null,
          null,
          1,
          null,
          null,
          null,
          null,
          null,
          null,
          null,
          1,
          1,
          1,
          1,
          1,
          1,
          null,
          null,
          null,
          1,
          1,
          null,
          null,
          1,
          null,
          null,
          null,
          null,
          null,
          null,
          null,
          1,
          1,
          1,
          1,
          1,
          1,
          1,
          null,
          null,
          null,
          null,
          null,
          1,
          1,
          1,
          2,
          1,
          null,
          null,
          1,
          1,
          1,
          null,
          null,
          1,
          1,
          1,
          null,
          null,
          1,
          1,
          1,
          null,
          null,
          1,
          1,
          1,
          1,
          1,
          null,
          1,
          null,
          null,
          null,
          1,
          1,
          1,
          1,
          1,
          1,
          1,
          1,
          1,
          1,
          1,
          1,
          1,
          1,
          1,
          1,
          null,
          null,
          1,
          1,
          null,
          null,
          null
        ]
      }
    },
    "timestamp": 1773529542
  }
}
